# JRE version: Java(TM) SE Runtime Environment (8.0_221-b11) (build 1.8.0_221-b11)
# Java VM: Java HotSpot(TM) 64-Bit Server VM (25.221-b11 mixed mode windows-amd64 compressed oops)
Heap:
 PSYoungGen      total 158720K, used 74969K [0x00000000f5580000, 0x0000000100000000, 0x0000000100000000)
  eden space 142848K, 41% used [0x00000000f5580000,0x00000000f8f3a3c0,0x00000000fe100000)
  from space 15872K, 99% used [0x00000000fe100000,0x00000000ff07c178,0x00000000ff080000)
  to   space 15872K, 0% used [0x00000000ff080000,0x00000000ff080000,0x0000000100000000)
 ParOldGen       total 146944K, used 19617K [0x00000000e0000000, 0x00000000e8f80000, 0x00000000f5580000)
  object space 146944K, 13% used [0x00000000e0000000,0x00000000e13284e8,0x00000000e8f80000)
 Metaspace       used 52583K, capacity 55670K, committed 55936K, reserved 1097728K
  class space    used 7456K, capacity 8000K, committed 8064K, reserved 1048576K
GC Heap History (10 events):
Event: 5.991 GC heap before
{Heap before GC invocations=5 (full 1):
 PSYoungGen      total 75776K, used 65024K [0x00000000f5580000, 0x00000000fe980000, 0x0000000100000000)
  eden space 65024K, 100% used [0x00000000f5580000,0x00000000f9500000,0x00000000f9500000)
  from space 10752K, 0% used [0x00000000f9500000,0x00000000f9500000,0x00000000f9f80000)
  to   space 10752K, 0% used [0x00000000fdf00000,0x00000000fdf00000,0x00000000fe980000)
 ParOldGen       total 94720K, used 8434K [0x00000000e0000000, 0x00000000e5c80000, 0x00000000f5580000)
  object space 94720K, 8% used [0x00000000e0000000,0x00000000e083c9b8,0x00000000e5c80000)
 Metaspace       used 21547K, capacity 22486K, committed 22656K, reserved 1069056K
  class space    used 2945K, capacity 3152K, committed 3200K, reserved 1048576K
Event: 5.996 GC heap after
Heap after GC invocations=5 (full 1):
 PSYoungGen      total 111104K, used 3076K [0x00000000f5580000, 0x00000000fe280000, 0x0000000100000000)
  eden space 107520K, 0% used [0x00000000f5580000,0x00000000f5580000,0x00000000fbe80000)
  from space 3584K, 85% used [0x00000000fdf00000,0x00000000fe201188,0x00000000fe280000)
  to   space 10752K, 0% used [0x00000000fcd80000,0x00000000fcd80000,0x00000000fd800000)
 ParOldGen       total 94720K, used 8442K [0x00000000e0000000, 0x00000000e5c80000, 0x00000000f5580000)
  object space 94720K, 8% used [0x00000000e0000000,0x00000000e083e9b8,0x00000000e5c80000)
 Metaspace       used 21547K, capacity 22486K, committed 22656K, reserved 1069056K
  class space    used 2945K, capacity 3152K, committed 3200K, reserved 1048576K
}
Event: 7.833 GC heap before
{Heap before GC invocations=6 (full 1):
 PSYoungGen      total 111104K, used 110596K [0x00000000f5580000, 0x00000000fe280000, 0x0000000100000000)
  eden space 107520K, 100% used [0x00000000f5580000,0x00000000fbe80000,0x00000000fbe80000)
  from space 3584K, 85% used [0x00000000fdf00000,0x00000000fe201188,0x00000000fe280000)
  to   space 10752K, 0% used [0x00000000fcd80000,0x00000000fcd80000,0x00000000fd800000)
 ParOldGen       total 94720K, used 8442K [0x00000000e0000000, 0x00000000e5c80000, 0x00000000f5580000)
  object space 94720K, 8% used [0x00000000e0000000,0x00000000e083e9b8,0x00000000e5c80000)
 Metaspace       used 27740K, capacity 29484K, committed 29568K, reserved 1075200K
  class space    used 3866K, capacity 4220K, committed 4224K, reserved 1048576K
Event: 7.848 GC heap after
Heap after GC invocations=6 (full 1):
 PSYoungGen      total 133632K, used 10745K [0x00000000f5580000, 0x0000000100000000, 0x0000000100000000)
  eden space 122880K, 0% used [0x00000000f5580000,0x00000000f5580000,0x00000000fcd80000)
  from space 10752K, 99% used [0x00000000fcd80000,0x00000000fd7fe6e0,0x00000000fd800000)
  to   space 14336K, 0% used [0x00000000ff200000,0x00000000ff200000,0x0000000100000000)
 ParOldGen       total 94720K, used 9029K [0x00000000e0000000, 0x00000000e5c80000, 0x00000000f5580000)
  object space 94720K, 9% used [0x00000000e0000000,0x00000000e08d16a8,0x00000000e5c80000)
 Metaspace       used 27740K, capacity 29484K, committed 29568K, reserved 1075200K
  class space    used 3866K, capacity 4220K, committed 4224K, reserved 1048576K
}
Event: 8.960 GC heap before
{Heap before GC invocations=7 (full 1):
 PSYoungGen      total 133632K, used 107743K [0x00000000f5580000, 0x0000000100000000, 0x0000000100000000)
  eden space 122880K, 78% used [0x00000000f5580000,0x00000000fb439850,0x00000000fcd80000)
  from space 10752K, 99% used [0x00000000fcd80000,0x00000000fd7fe6e0,0x00000000fd800000)
  to   space 14336K, 0% used [0x00000000ff200000,0x00000000ff200000,0x0000000100000000)
 ParOldGen       total 94720K, used 9029K [0x00000000e0000000, 0x00000000e5c80000, 0x00000000f5580000)
  object space 94720K, 9% used [0x00000000e0000000,0x00000000e08d16a8,0x00000000e5c80000)
 Metaspace       used 33467K, capacity 35296K, committed 35416K, reserved 1079296K
  class space    used 4484K, capacity 4838K, committed 4864K, reserved 1048576K
Event: 8.976 GC heap after
Heap after GC invocations=7 (full 1):
 PSYoungGen      total 157184K, used 11615K [0x00000000f5580000, 0x0000000100000000, 0x0000000100000000)
  eden space 142848K, 0% used [0x00000000f5580000,0x00000000f5580000,0x00000000fe100000)
  from space 14336K, 81% used [0x00000000ff200000,0x00000000ffd57d08,0x0000000100000000)
  to   space 15872K, 0% used [0x00000000fe100000,0x00000000fe100000,0x00000000ff080000)
 ParOldGen       total 94720K, used 9037K [0x00000000e0000000, 0x00000000e5c80000, 0x00000000f5580000)
  object space 94720K, 9% used [0x00000000e0000000,0x00000000e08d36a8,0x00000000e5c80000)
 Metaspace       used 33467K, capacity 35296K, committed 35416K, reserved 1079296K
  class space    used 4484K, capacity 4838K, committed 4864K, reserved 1048576K
}
Event: 8.976 GC heap before
{Heap before GC invocations=8 (full 2):
 PSYoungGen      total 157184K, used 11615K [0x00000000f5580000, 0x0000000100000000, 0x0000000100000000)
  eden space 142848K, 0% used [0x00000000f5580000,0x00000000f5580000,0x00000000fe100000)
  from space 14336K, 81% used [0x00000000ff200000,0x00000000ffd57d08,0x0000000100000000)
  to   space 15872K, 0% used [0x00000000fe100000,0x00000000fe100000,0x00000000ff080000)
 ParOldGen       total 94720K, used 9037K [0x00000000e0000000, 0x00000000e5c80000, 0x00000000f5580000)
  object space 94720K, 9% used [0x00000000e0000000,0x00000000e08d36a8,0x00000000e5c80000)
 Metaspace       used 33467K, capacity 35296K, committed 35416K, reserved 1079296K
  class space    used 4484K, capacity 4838K, committed 4864K, reserved 1048576K
Event: 9.045 GC heap after
Heap after GC invocations=8 (full 2):
 PSYoungGen      total 157184K, used 0K [0x00000000f5580000, 0x0000000100000000, 0x0000000100000000)
  eden space 142848K, 0% used [0x00000000f5580000,0x00000000f5580000,0x00000000fe100000)
  from space 14336K, 0% used [0x00000000ff200000,0x00000000ff200000,0x0000000100000000)
  to   space 15872K, 0% used [0x00000000fe100000,0x00000000fe100000,0x00000000ff080000)
 ParOldGen       total 146944K, used 16466K [0x00000000e0000000, 0x00000000e8f80000, 0x00000000f5580000)
  object space 146944K, 11% used [0x00000000e0000000,0x00000000e1014be8,0x00000000e8f80000)
 Metaspace       used 33467K, capacity 35296K, committed 35416K, reserved 1079296K
  class space    used 4484K, capacity 4838K, committed 4864K, reserved 1048576K
}
Event: 11.894 GC heap before
{Heap before GC invocations=9 (full 2):
 PSYoungGen      total 157184K, used 142848K [0x00000000f5580000, 0x0000000100000000, 0x0000000100000000)
  eden space 142848K, 100% used [0x00000000f5580000,0x00000000fe100000,0x00000000fe100000)
  from space 14336K, 0% used [0x00000000ff200000,0x00000000ff200000,0x0000000100000000)
  to   space 15872K, 0% used [0x00000000fe100000,0x00000000fe100000,0x00000000ff080000)
 ParOldGen       total 146944K, used 16466K [0x00000000e0000000, 0x00000000e8f80000, 0x00000000f5580000)
  object space 146944K, 11% used [0x00000000e0000000,0x00000000e1014be8,0x00000000e8f80000)
 Metaspace       used 48456K, capacity 51228K, committed 51456K, reserved 1093632K
  class space    used 6888K, capacity 7405K, committed 7424K, reserved 1048576K
Event: 11.919 GC heap after
Heap after GC invocations=9 (full 2):
 PSYoungGen      total 158720K, used 15856K [0x00000000f5580000, 0x0000000100000000, 0x0000000100000000)
  eden space 142848K, 0% used [0x00000000f5580000,0x00000000f5580000,0x00000000fe100000)
  from space 15872K, 99% used [0x00000000fe100000,0x00000000ff07c178,0x00000000ff080000)
  to   space 15872K, 0% used [0x00000000ff080000,0x00000000ff080000,0x0000000100000000)
 ParOldGen       total 146944K, used 19617K [0x00000000e0000000, 0x00000000e8f80000, 0x00000000f5580000)
  object space 146944K, 13% used [0x00000000e0000000,0x00000000e13284e8,0x00000000e8f80000)
 Metaspace       used 48456K, capacity 51228K, committed 51456K, reserved 1093632K
  class space    used 6888K, capacity 7405K, committed 7424K, reserved 1048576K
}

